5.3.0 20-09-2014 20:30:44 Starting new session. Mods: examplemod 
5.3.0 20-09-2014 20:30:46 ERROR: null: Tried to create good from block with no item: saddle;73;0;Selle
5.3.0 20-09-2014 20:30:46 InvItem(Block block,int meta): net.minecraft.block.BlockAir@470dd19e
5.3.0 20-09-2014 20:30:46 org.millenaire.common.MLN$MillenaireException: Attempted to create an InvItem for air blocks.
	at org.millenaire.common.MillVillager$InvItem.checkValidity(MillVillager.java:130)
	at org.millenaire.common.MillVillager$InvItem.<init>(MillVillager.java:122)
	at org.millenaire.common.item.Goods.loadGoodList(Goods.java:949)
	at org.millenaire.common.item.Goods.loadGoods(Goods.java:971)
	at org.millenaire.common.forge.Mill.load(Mill.java:715)
	at sun.reflect.NativeMethodAccessorImpl.invoke0(Native Method)
	at sun.reflect.NativeMethodAccessorImpl.invoke(Unknown Source)
	at sun.reflect.DelegatingMethodAccessorImpl.invoke(Unknown Source)
	at java.lang.reflect.Method.invoke(Unknown Source)
	at cpw.mods.fml.common.FMLModContainer.handleModStateEvent(FMLModContainer.java:513)
	at sun.reflect.NativeMethodAccessorImpl.invoke0(Native Method)
	at sun.reflect.NativeMethodAccessorImpl.invoke(Unknown Source)
	at sun.reflect.DelegatingMethodAccessorImpl.invoke(Unknown Source)
	at java.lang.reflect.Method.invoke(Unknown Source)
	at com.google.common.eventbus.EventSubscriber.handleEvent(EventSubscriber.java:74)
	at com.google.common.eventbus.SynchronizedEventSubscriber.handleEvent(SynchronizedEventSubscriber.java:47)
	at com.google.common.eventbus.EventBus.dispatch(EventBus.java:322)
	at com.google.common.eventbus.EventBus.dispatchQueuedEvents(EventBus.java:304)
	at com.google.common.eventbus.EventBus.post(EventBus.java:275)
	at cpw.mods.fml.common.LoadController.sendEventToModContainer(LoadController.java:208)
	at cpw.mods.fml.common.LoadController.propogateStateMessage(LoadController.java:187)
	at sun.reflect.NativeMethodAccessorImpl.invoke0(Native Method)
	at sun.reflect.NativeMethodAccessorImpl.invoke(Unknown Source)
	at sun.reflect.DelegatingMethodAccessorImpl.invoke(Unknown Source)
	at java.lang.reflect.Method.invoke(Unknown Source)
	at com.google.common.eventbus.EventSubscriber.handleEvent(EventSubscriber.java:74)
	at com.google.common.eventbus.SynchronizedEventSubscriber.handleEvent(SynchronizedEventSubscriber.java:47)
	at com.google.common.eventbus.EventBus.dispatch(EventBus.java:322)
	at com.google.common.eventbus.EventBus.dispatchQueuedEvents(EventBus.java:304)
	at com.google.common.eventbus.EventBus.post(EventBus.java:275)
	at cpw.mods.fml.common.LoadController.distributeStateMessage(LoadController.java:118)
	at cpw.mods.fml.common.Loader.initializeMods(Loader.java:691)
	at cpw.mods.fml.client.FMLClientHandler.finishMinecraftLoading(FMLClientHandler.java:288)
	at net.minecraft.client.Minecraft.func_71384_a(Minecraft.java:541)
	at net.minecraft.client.Minecraft.func_99999_d(Minecraft.java:867)
	at net.minecraft.client.main.Main.main(SourceFile:148)
	at sun.reflect.NativeMethodAccessorImpl.invoke0(Native Method)
	at sun.reflect.NativeMethodAccessorImpl.invoke(Unknown Source)
	at sun.reflect.DelegatingMethodAccessorImpl.invoke(Unknown Source)
	at java.lang.reflect.Method.invoke(Unknown Source)
	at net.minecraft.launchwrapper.Launch.launch(Launch.java:135)
	at net.minecraft.launchwrapper.Launch.main(Launch.java:28)

5.3.0 20-09-2014 20:30:46 Exception, printing stack:
5.3.0 20-09-2014 20:30:46 org.millenaire.common.MLN$MillenaireException: Trying to get the name of an invalid InvItem.
	at org.millenaire.common.MillVillager$InvItem.getName(MillVillager.java:276)
	at org.millenaire.common.item.Goods.generateGoodsList(Goods.java:914)
	at org.millenaire.common.item.Goods.loadGoods(Goods.java:975)
	at org.millenaire.common.forge.Mill.load(Mill.java:715)
	at sun.reflect.NativeMethodAccessorImpl.invoke0(Native Method)
	at sun.reflect.NativeMethodAccessorImpl.invoke(Unknown Source)
	at sun.reflect.DelegatingMethodAccessorImpl.invoke(Unknown Source)
	at java.lang.reflect.Method.invoke(Unknown Source)
	at cpw.mods.fml.common.FMLModContainer.handleModStateEvent(FMLModContainer.java:513)
	at sun.reflect.NativeMethodAccessorImpl.invoke0(Native Method)
	at sun.reflect.NativeMethodAccessorImpl.invoke(Unknown Source)
	at sun.reflect.DelegatingMethodAccessorImpl.invoke(Unknown Source)
	at java.lang.reflect.Method.invoke(Unknown Source)
	at com.google.common.eventbus.EventSubscriber.handleEvent(EventSubscriber.java:74)
	at com.google.common.eventbus.SynchronizedEventSubscriber.handleEvent(SynchronizedEventSubscriber.java:47)
	at com.google.common.eventbus.EventBus.dispatch(EventBus.java:322)
	at com.google.common.eventbus.EventBus.dispatchQueuedEvents(EventBus.java:304)
	at com.google.common.eventbus.EventBus.post(EventBus.java:275)
	at cpw.mods.fml.common.LoadController.sendEventToModContainer(LoadController.java:208)
	at cpw.mods.fml.common.LoadController.propogateStateMessage(LoadController.java:187)
	at sun.reflect.NativeMethodAccessorImpl.invoke0(Native Method)
	at sun.reflect.NativeMethodAccessorImpl.invoke(Unknown Source)
	at sun.reflect.DelegatingMethodAccessorImpl.invoke(Unknown Source)
	at java.lang.reflect.Method.invoke(Unknown Source)
	at com.google.common.eventbus.EventSubscriber.handleEvent(EventSubscriber.java:74)
	at com.google.common.eventbus.SynchronizedEventSubscriber.handleEvent(SynchronizedEventSubscriber.java:47)
	at com.google.common.eventbus.EventBus.dispatch(EventBus.java:322)
	at com.google.common.eventbus.EventBus.dispatchQueuedEvents(EventBus.java:304)
	at com.google.common.eventbus.EventBus.post(EventBus.java:275)
	at cpw.mods.fml.common.LoadController.distributeStateMessage(LoadController.java:118)
	at cpw.mods.fml.common.Loader.initializeMods(Loader.java:691)
	at cpw.mods.fml.client.FMLClientHandler.finishMinecraftLoading(FMLClientHandler.java:288)
	at net.minecraft.client.Minecraft.func_71384_a(Minecraft.java:541)
	at net.minecraft.client.Minecraft.func_99999_d(Minecraft.java:867)
	at net.minecraft.client.main.Main.main(SourceFile:148)
	at sun.reflect.NativeMethodAccessorImpl.invoke0(Native Method)
	at sun.reflect.NativeMethodAccessorImpl.invoke(Unknown Source)
	at sun.reflect.DelegatingMethodAccessorImpl.invoke(Unknown Source)
	at java.lang.reflect.Method.invoke(Unknown Source)
	at net.minecraft.launchwrapper.Launch.launch(Launch.java:135)
	at net.minecraft.launchwrapper.Launch.main(Launch.java:28)

5.3.0 20-09-2014 20:30:49 MAJOR: null: Loading language: en_US
5.3.0 20-09-2014 20:30:49 MAJOR: null: Language loaded: en_US. Wand name: Wand of Summoning Wand invitem name: item.ml_villageWand.name
5.3.0 20-09-2014 20:30:49 MAJOR: null: Block without item: net.minecraft.block.BlockAir@470dd19e
5.3.0 20-09-2014 20:30:49 MAJOR: null: Block without item: net.minecraft.block.BlockBed@345bc450
5.3.0 20-09-2014 20:30:49 MAJOR: null: Block without item: net.minecraft.block.BlockPistonExtension@35365bbc
5.3.0 20-09-2014 20:30:49 MAJOR: null: Block without item: net.minecraft.block.BlockPistonMoving@34a50a81
5.3.0 20-09-2014 20:30:49 MAJOR: null: Block without item: net.minecraft.block.BlockRedstoneWire@18f80ca5
5.3.0 20-09-2014 20:30:49 MAJOR: null: Block without item: net.minecraft.block.BlockCrops@7e6bb0c6
5.3.0 20-09-2014 20:30:49 MAJOR: null: Block without item: net.minecraft.block.BlockSign@501b7924
5.3.0 20-09-2014 20:30:49 MAJOR: null: Block without item: net.minecraft.block.BlockDoor@499e542d
5.3.0 20-09-2014 20:30:49 MAJOR: null: Block without item: net.minecraft.block.BlockSign@4506eae8
5.3.0 20-09-2014 20:30:49 MAJOR: null: Block without item: net.minecraft.block.BlockDoor@175327f4
5.3.0 20-09-2014 20:30:49 MAJOR: null: Block without item: net.minecraft.block.BlockRedstoneOre@2894d02c
5.3.0 20-09-2014 20:30:49 MAJOR: null: Block without item: net.minecraft.block.BlockRedstoneTorch@21b9ae75
5.3.0 20-09-2014 20:30:49 MAJOR: null: Block without item: net.minecraft.block.BlockReed@58989c7
5.3.0 20-09-2014 20:30:50 MAJOR: null: Block without item: net.minecraft.block.BlockCake@4229cbc3
5.3.0 20-09-2014 20:30:50 MAJOR: null: Block without item: net.minecraft.block.BlockRedstoneRepeater@4e83de2b
5.3.0 20-09-2014 20:30:50 MAJOR: null: Block without item: net.minecraft.block.BlockRedstoneRepeater@336f0152
5.3.0 20-09-2014 20:30:50 MAJOR: null: Block without item: net.minecraft.block.BlockStem@4a7a152c
5.3.0 20-09-2014 20:30:50 MAJOR: null: Block without item: net.minecraft.block.BlockStem@150421e7
5.3.0 20-09-2014 20:30:50 MAJOR: null: Block without item: net.minecraft.block.BlockNetherWart@3b905dce
5.3.0 20-09-2014 20:30:50 MAJOR: null: Block without item: net.minecraft.block.BlockBrewingStand@24abf130
5.3.0 20-09-2014 20:30:50 MAJOR: null: Block without item: net.minecraft.block.BlockCauldron@635dffc5
5.3.0 20-09-2014 20:30:50 MAJOR: null: Block without item: net.minecraft.block.BlockRedstoneLight@2d290383
5.3.0 20-09-2014 20:30:50 MAJOR: null: Block without item: net.minecraft.block.BlockTripWire@7941e525
5.3.0 20-09-2014 20:30:50 MAJOR: null: Block without item: net.minecraft.block.BlockFlowerPot@10a54c39
5.3.0 20-09-2014 20:30:50 MAJOR: null: Block without item: net.minecraft.block.BlockSkull@2f4394bc
5.3.0 20-09-2014 20:30:50 MAJOR: null: Block without item: net.minecraft.block.BlockRedstoneComparator@7ca90a8f
5.3.0 20-09-2014 20:30:50 MAJOR: null: Block without item: net.minecraft.block.BlockRedstoneComparator@3df47239
5.3.0 20-09-2014 20:45:30 Starting new session. Mods: examplemod 
5.3.0 20-09-2014 20:45:32 ERROR: null: Tried to create good from block with no item: saddle;73;0;Selle
5.3.0 20-09-2014 20:45:32 InvItem(Block block,int meta): net.minecraft.block.BlockAir@6f648f32
5.3.0 20-09-2014 20:45:32 org.millenaire.common.MLN$MillenaireException: Attempted to create an InvItem for air blocks.
	at org.millenaire.common.MillVillager$InvItem.checkValidity(MillVillager.java:130)
	at org.millenaire.common.MillVillager$InvItem.<init>(MillVillager.java:122)
	at org.millenaire.common.item.Goods.loadGoodList(Goods.java:949)
	at org.millenaire.common.item.Goods.loadGoods(Goods.java:971)
	at org.millenaire.common.forge.Mill.load(Mill.java:715)
	at sun.reflect.NativeMethodAccessorImpl.invoke0(Native Method)
	at sun.reflect.NativeMethodAccessorImpl.invoke(Unknown Source)
	at sun.reflect.DelegatingMethodAccessorImpl.invoke(Unknown Source)
	at java.lang.reflect.Method.invoke(Unknown Source)
	at cpw.mods.fml.common.FMLModContainer.handleModStateEvent(FMLModContainer.java:513)
	at sun.reflect.NativeMethodAccessorImpl.invoke0(Native Method)
	at sun.reflect.NativeMethodAccessorImpl.invoke(Unknown Source)
	at sun.reflect.DelegatingMethodAccessorImpl.invoke(Unknown Source)
	at java.lang.reflect.Method.invoke(Unknown Source)
	at com.google.common.eventbus.EventSubscriber.handleEvent(EventSubscriber.java:74)
	at com.google.common.eventbus.SynchronizedEventSubscriber.handleEvent(SynchronizedEventSubscriber.java:47)
	at com.google.common.eventbus.EventBus.dispatch(EventBus.java:322)
	at com.google.common.eventbus.EventBus.dispatchQueuedEvents(EventBus.java:304)
	at com.google.common.eventbus.EventBus.post(EventBus.java:275)
	at cpw.mods.fml.common.LoadController.sendEventToModContainer(LoadController.java:208)
	at cpw.mods.fml.common.LoadController.propogateStateMessage(LoadController.java:187)
	at sun.reflect.NativeMethodAccessorImpl.invoke0(Native Method)
	at sun.reflect.NativeMethodAccessorImpl.invoke(Unknown Source)
	at sun.reflect.DelegatingMethodAccessorImpl.invoke(Unknown Source)
	at java.lang.reflect.Method.invoke(Unknown Source)
	at com.google.common.eventbus.EventSubscriber.handleEvent(EventSubscriber.java:74)
	at com.google.common.eventbus.SynchronizedEventSubscriber.handleEvent(SynchronizedEventSubscriber.java:47)
	at com.google.common.eventbus.EventBus.dispatch(EventBus.java:322)
	at com.google.common.eventbus.EventBus.dispatchQueuedEvents(EventBus.java:304)
	at com.google.common.eventbus.EventBus.post(EventBus.java:275)
	at cpw.mods.fml.common.LoadController.distributeStateMessage(LoadController.java:118)
	at cpw.mods.fml.common.Loader.initializeMods(Loader.java:691)
	at cpw.mods.fml.client.FMLClientHandler.finishMinecraftLoading(FMLClientHandler.java:288)
	at net.minecraft.client.Minecraft.func_71384_a(Minecraft.java:541)
	at net.minecraft.client.Minecraft.func_99999_d(Minecraft.java:867)
	at net.minecraft.client.main.Main.main(SourceFile:148)
	at sun.reflect.NativeMethodAccessorImpl.invoke0(Native Method)
	at sun.reflect.NativeMethodAccessorImpl.invoke(Unknown Source)
	at sun.reflect.DelegatingMethodAccessorImpl.invoke(Unknown Source)
	at java.lang.reflect.Method.invoke(Unknown Source)
	at net.minecraft.launchwrapper.Launch.launch(Launch.java:135)
	at net.minecraft.launchwrapper.Launch.main(Launch.java:28)

5.3.0 20-09-2014 20:45:32 Exception, printing stack:
5.3.0 20-09-2014 20:45:32 org.millenaire.common.MLN$MillenaireException: Trying to get the name of an invalid InvItem.
	at org.millenaire.common.MillVillager$InvItem.getName(MillVillager.java:276)
	at org.millenaire.common.item.Goods.generateGoodsList(Goods.java:914)
	at org.millenaire.common.item.Goods.loadGoods(Goods.java:975)
	at org.millenaire.common.forge.Mill.load(Mill.java:715)
	at sun.reflect.NativeMethodAccessorImpl.invoke0(Native Method)
	at sun.reflect.NativeMethodAccessorImpl.invoke(Unknown Source)
	at sun.reflect.DelegatingMethodAccessorImpl.invoke(Unknown Source)
	at java.lang.reflect.Method.invoke(Unknown Source)
	at cpw.mods.fml.common.FMLModContainer.handleModStateEvent(FMLModContainer.java:513)
	at sun.reflect.NativeMethodAccessorImpl.invoke0(Native Method)
	at sun.reflect.NativeMethodAccessorImpl.invoke(Unknown Source)
	at sun.reflect.DelegatingMethodAccessorImpl.invoke(Unknown Source)
	at java.lang.reflect.Method.invoke(Unknown Source)
	at com.google.common.eventbus.EventSubscriber.handleEvent(EventSubscriber.java:74)
	at com.google.common.eventbus.SynchronizedEventSubscriber.handleEvent(SynchronizedEventSubscriber.java:47)
	at com.google.common.eventbus.EventBus.dispatch(EventBus.java:322)
	at com.google.common.eventbus.EventBus.dispatchQueuedEvents(EventBus.java:304)
	at com.google.common.eventbus.EventBus.post(EventBus.java:275)
	at cpw.mods.fml.common.LoadController.sendEventToModContainer(LoadController.java:208)
	at cpw.mods.fml.common.LoadController.propogateStateMessage(LoadController.java:187)
	at sun.reflect.NativeMethodAccessorImpl.invoke0(Native Method)
	at sun.reflect.NativeMethodAccessorImpl.invoke(Unknown Source)
	at sun.reflect.DelegatingMethodAccessorImpl.invoke(Unknown Source)
	at java.lang.reflect.Method.invoke(Unknown Source)
	at com.google.common.eventbus.EventSubscriber.handleEvent(EventSubscriber.java:74)
	at com.google.common.eventbus.SynchronizedEventSubscriber.handleEvent(SynchronizedEventSubscriber.java:47)
	at com.google.common.eventbus.EventBus.dispatch(EventBus.java:322)
	at com.google.common.eventbus.EventBus.dispatchQueuedEvents(EventBus.java:304)
	at com.google.common.eventbus.EventBus.post(EventBus.java:275)
	at cpw.mods.fml.common.LoadController.distributeStateMessage(LoadController.java:118)
	at cpw.mods.fml.common.Loader.initializeMods(Loader.java:691)
	at cpw.mods.fml.client.FMLClientHandler.finishMinecraftLoading(FMLClientHandler.java:288)
	at net.minecraft.client.Minecraft.func_71384_a(Minecraft.java:541)
	at net.minecraft.client.Minecraft.func_99999_d(Minecraft.java:867)
	at net.minecraft.client.main.Main.main(SourceFile:148)
	at sun.reflect.NativeMethodAccessorImpl.invoke0(Native Method)
	at sun.reflect.NativeMethodAccessorImpl.invoke(Unknown Source)
	at sun.reflect.DelegatingMethodAccessorImpl.invoke(Unknown Source)
	at java.lang.reflect.Method.invoke(Unknown Source)
	at net.minecraft.launchwrapper.Launch.launch(Launch.java:135)
	at net.minecraft.launchwrapper.Launch.main(Launch.java:28)

5.3.0 20-09-2014 20:45:36 MAJOR: null: Loading language: en_US
5.3.0 20-09-2014 20:45:36 MAJOR: null: Language loaded: en_US. Wand name: Wand of Summoning Wand invitem name: item.ml_villageWand.name
5.3.0 20-09-2014 20:45:36 MAJOR: null: Block without item: net.minecraft.block.BlockAir@6f648f32
5.3.0 20-09-2014 20:45:36 MAJOR: null: Block without item: net.minecraft.block.BlockBed@68d598d1
5.3.0 20-09-2014 20:45:36 MAJOR: null: Block without item: net.minecraft.block.BlockPistonExtension@538bc255
5.3.0 20-09-2014 20:45:36 MAJOR: null: Block without item: net.minecraft.block.BlockPistonMoving@1eec044e
5.3.0 20-09-2014 20:45:36 MAJOR: null: Block without item: net.minecraft.block.BlockRedstoneWire@176685ee
5.3.0 20-09-2014 20:45:36 MAJOR: null: Block without item: net.minecraft.block.BlockCrops@44d91f1f
5.3.0 20-09-2014 20:45:36 MAJOR: null: Block without item: net.minecraft.block.BlockSign@c988e5e
5.3.0 20-09-2014 20:45:36 MAJOR: null: Block without item: net.minecraft.block.BlockDoor@26b9d351
5.3.0 20-09-2014 20:45:36 MAJOR: null: Block without item: net.minecraft.block.BlockSign@29505d69
5.3.0 20-09-2014 20:45:36 MAJOR: null: Block without item: net.minecraft.block.BlockDoor@2589280b
5.3.0 20-09-2014 20:45:36 MAJOR: null: Block without item: net.minecraft.block.BlockRedstoneOre@7e0892c5
5.3.0 20-09-2014 20:45:36 MAJOR: null: Block without item: net.minecraft.block.BlockRedstoneTorch@534ddbc5
5.3.0 20-09-2014 20:45:36 MAJOR: null: Block without item: net.minecraft.block.BlockReed@293b9077
5.3.0 20-09-2014 20:45:36 MAJOR: null: Block without item: net.minecraft.block.BlockCake@79d1e178
5.3.0 20-09-2014 20:45:36 MAJOR: null: Block without item: net.minecraft.block.BlockRedstoneRepeater@6b4a1c3c
5.3.0 20-09-2014 20:45:36 MAJOR: null: Block without item: net.minecraft.block.BlockRedstoneRepeater@4e83de2b
5.3.0 20-09-2014 20:45:36 MAJOR: null: Block without item: net.minecraft.block.BlockStem@5f4960eb
5.3.0 20-09-2014 20:45:36 MAJOR: null: Block without item: net.minecraft.block.BlockStem@4a7a152c
5.3.0 20-09-2014 20:45:36 MAJOR: null: Block without item: net.minecraft.block.BlockNetherWart@204d6e7b
5.3.0 20-09-2014 20:45:36 MAJOR: null: Block without item: net.minecraft.block.BlockBrewingStand@2c1d02f0
5.3.0 20-09-2014 20:45:36 MAJOR: null: Block without item: net.minecraft.block.BlockCauldron@393b499d
5.3.0 20-09-2014 20:45:36 MAJOR: null: Block without item: net.minecraft.block.BlockRedstoneLight@38e89375
5.3.0 20-09-2014 20:45:36 MAJOR: null: Block without item: net.minecraft.block.BlockTripWire@571e82d
5.3.0 20-09-2014 20:45:36 MAJOR: null: Block without item: net.minecraft.block.BlockFlowerPot@17c71aa1
5.3.0 20-09-2014 20:45:36 MAJOR: null: Block without item: net.minecraft.block.BlockSkull@2bdcd57b
5.3.0 20-09-2014 20:45:36 MAJOR: null: Block without item: net.minecraft.block.BlockRedstoneComparator@bfeab6f
5.3.0 20-09-2014 20:45:36 MAJOR: null: Block without item: net.minecraft.block.BlockRedstoneComparator@7ca90a8f
5.3.0 21-09-2014 10:55:19 Starting new session. Mods: examplemod 
5.3.0 21-09-2014 10:55:21 ERROR: null: Tried to create good from block with no item: saddle;73;0;Selle
5.3.0 21-09-2014 10:55:21 InvItem(Block block,int meta): net.minecraft.block.BlockAir@164a8dde
5.3.0 21-09-2014 10:55:21 org.millenaire.common.MLN$MillenaireException: Attempted to create an InvItem for air blocks.
	at org.millenaire.common.MillVillager$InvItem.checkValidity(MillVillager.java:130)
	at org.millenaire.common.MillVillager$InvItem.<init>(MillVillager.java:122)
	at org.millenaire.common.item.Goods.loadGoodList(Goods.java:949)
	at org.millenaire.common.item.Goods.loadGoods(Goods.java:971)
	at org.millenaire.common.forge.Mill.load(Mill.java:715)
	at sun.reflect.NativeMethodAccessorImpl.invoke0(Native Method)
	at sun.reflect.NativeMethodAccessorImpl.invoke(Unknown Source)
	at sun.reflect.DelegatingMethodAccessorImpl.invoke(Unknown Source)
	at java.lang.reflect.Method.invoke(Unknown Source)
	at cpw.mods.fml.common.FMLModContainer.handleModStateEvent(FMLModContainer.java:513)
	at sun.reflect.NativeMethodAccessorImpl.invoke0(Native Method)
	at sun.reflect.NativeMethodAccessorImpl.invoke(Unknown Source)
	at sun.reflect.DelegatingMethodAccessorImpl.invoke(Unknown Source)
	at java.lang.reflect.Method.invoke(Unknown Source)
	at com.google.common.eventbus.EventSubscriber.handleEvent(EventSubscriber.java:74)
	at com.google.common.eventbus.SynchronizedEventSubscriber.handleEvent(SynchronizedEventSubscriber.java:47)
	at com.google.common.eventbus.EventBus.dispatch(EventBus.java:322)
	at com.google.common.eventbus.EventBus.dispatchQueuedEvents(EventBus.java:304)
	at com.google.common.eventbus.EventBus.post(EventBus.java:275)
	at cpw.mods.fml.common.LoadController.sendEventToModContainer(LoadController.java:208)
	at cpw.mods.fml.common.LoadController.propogateStateMessage(LoadController.java:187)
	at sun.reflect.NativeMethodAccessorImpl.invoke0(Native Method)
	at sun.reflect.NativeMethodAccessorImpl.invoke(Unknown Source)
	at sun.reflect.DelegatingMethodAccessorImpl.invoke(Unknown Source)
	at java.lang.reflect.Method.invoke(Unknown Source)
	at com.google.common.eventbus.EventSubscriber.handleEvent(EventSubscriber.java:74)
	at com.google.common.eventbus.SynchronizedEventSubscriber.handleEvent(SynchronizedEventSubscriber.java:47)
	at com.google.common.eventbus.EventBus.dispatch(EventBus.java:322)
	at com.google.common.eventbus.EventBus.dispatchQueuedEvents(EventBus.java:304)
	at com.google.common.eventbus.EventBus.post(EventBus.java:275)
	at cpw.mods.fml.common.LoadController.distributeStateMessage(LoadController.java:118)
	at cpw.mods.fml.common.Loader.initializeMods(Loader.java:691)
	at cpw.mods.fml.client.FMLClientHandler.finishMinecraftLoading(FMLClientHandler.java:288)
	at net.minecraft.client.Minecraft.func_71384_a(Minecraft.java:541)
	at net.minecraft.client.Minecraft.func_99999_d(Minecraft.java:867)
	at net.minecraft.client.main.Main.main(SourceFile:148)
	at sun.reflect.NativeMethodAccessorImpl.invoke0(Native Method)
	at sun.reflect.NativeMethodAccessorImpl.invoke(Unknown Source)
	at sun.reflect.DelegatingMethodAccessorImpl.invoke(Unknown Source)
	at java.lang.reflect.Method.invoke(Unknown Source)
	at net.minecraft.launchwrapper.Launch.launch(Launch.java:135)
	at net.minecraft.launchwrapper.Launch.main(Launch.java:28)

5.3.0 21-09-2014 10:55:21 Exception, printing stack:
5.3.0 21-09-2014 10:55:21 org.millenaire.common.MLN$MillenaireException: Trying to get the name of an invalid InvItem.
	at org.millenaire.common.MillVillager$InvItem.getName(MillVillager.java:276)
	at org.millenaire.common.item.Goods.generateGoodsList(Goods.java:914)
	at org.millenaire.common.item.Goods.loadGoods(Goods.java:975)
	at org.millenaire.common.forge.Mill.load(Mill.java:715)
	at sun.reflect.NativeMethodAccessorImpl.invoke0(Native Method)
	at sun.reflect.NativeMethodAccessorImpl.invoke(Unknown Source)
	at sun.reflect.DelegatingMethodAccessorImpl.invoke(Unknown Source)
	at java.lang.reflect.Method.invoke(Unknown Source)
	at cpw.mods.fml.common.FMLModContainer.handleModStateEvent(FMLModContainer.java:513)
	at sun.reflect.NativeMethodAccessorImpl.invoke0(Native Method)
	at sun.reflect.NativeMethodAccessorImpl.invoke(Unknown Source)
	at sun.reflect.DelegatingMethodAccessorImpl.invoke(Unknown Source)
	at java.lang.reflect.Method.invoke(Unknown Source)
	at com.google.common.eventbus.EventSubscriber.handleEvent(EventSubscriber.java:74)
	at com.google.common.eventbus.SynchronizedEventSubscriber.handleEvent(SynchronizedEventSubscriber.java:47)
	at com.google.common.eventbus.EventBus.dispatch(EventBus.java:322)
	at com.google.common.eventbus.EventBus.dispatchQueuedEvents(EventBus.java:304)
	at com.google.common.eventbus.EventBus.post(EventBus.java:275)
	at cpw.mods.fml.common.LoadController.sendEventToModContainer(LoadController.java:208)
	at cpw.mods.fml.common.LoadController.propogateStateMessage(LoadController.java:187)
	at sun.reflect.NativeMethodAccessorImpl.invoke0(Native Method)
	at sun.reflect.NativeMethodAccessorImpl.invoke(Unknown Source)
	at sun.reflect.DelegatingMethodAccessorImpl.invoke(Unknown Source)
	at java.lang.reflect.Method.invoke(Unknown Source)
	at com.google.common.eventbus.EventSubscriber.handleEvent(EventSubscriber.java:74)
	at com.google.common.eventbus.SynchronizedEventSubscriber.handleEvent(SynchronizedEventSubscriber.java:47)
	at com.google.common.eventbus.EventBus.dispatch(EventBus.java:322)
	at com.google.common.eventbus.EventBus.dispatchQueuedEvents(EventBus.java:304)
	at com.google.common.eventbus.EventBus.post(EventBus.java:275)
	at cpw.mods.fml.common.LoadController.distributeStateMessage(LoadController.java:118)
	at cpw.mods.fml.common.Loader.initializeMods(Loader.java:691)
	at cpw.mods.fml.client.FMLClientHandler.finishMinecraftLoading(FMLClientHandler.java:288)
	at net.minecraft.client.Minecraft.func_71384_a(Minecraft.java:541)
	at net.minecraft.client.Minecraft.func_99999_d(Minecraft.java:867)
	at net.minecraft.client.main.Main.main(SourceFile:148)
	at sun.reflect.NativeMethodAccessorImpl.invoke0(Native Method)
	at sun.reflect.NativeMethodAccessorImpl.invoke(Unknown Source)
	at sun.reflect.DelegatingMethodAccessorImpl.invoke(Unknown Source)
	at java.lang.reflect.Method.invoke(Unknown Source)
	at net.minecraft.launchwrapper.Launch.launch(Launch.java:135)
	at net.minecraft.launchwrapper.Launch.main(Launch.java:28)

5.3.0 21-09-2014 10:55:23 MAJOR: null: Loading language: en_US
5.3.0 21-09-2014 10:55:24 MAJOR: null: Language loaded: en_US. Wand name: Wand of Summoning Wand invitem name: item.ml_villageWand.name
5.3.0 21-09-2014 10:55:24 MAJOR: null: Block without item: net.minecraft.block.BlockAir@164a8dde
5.3.0 21-09-2014 10:55:24 MAJOR: null: Block without item: net.minecraft.block.BlockBed@df7a08a
5.3.0 21-09-2014 10:55:24 MAJOR: null: Block without item: net.minecraft.block.BlockPistonExtension@345bc450
5.3.0 21-09-2014 10:55:24 MAJOR: null: Block without item: net.minecraft.block.BlockPistonMoving@6ce0ee5e
5.3.0 21-09-2014 10:55:24 MAJOR: null: Block without item: net.minecraft.block.BlockRedstoneWire@5c9a7733
5.3.0 21-09-2014 10:55:24 MAJOR: null: Block without item: net.minecraft.block.BlockCrops@25824994
5.3.0 21-09-2014 10:55:24 MAJOR: null: Block without item: net.minecraft.block.BlockSign@9cbd0c5
5.3.0 21-09-2014 10:55:24 MAJOR: null: Block without item: net.minecraft.block.BlockDoor@1998151e
5.3.0 21-09-2014 10:55:24 MAJOR: null: Block without item: net.minecraft.block.BlockSign@164bf0ff
5.3.0 21-09-2014 10:55:24 MAJOR: null: Block without item: net.minecraft.block.BlockDoor@18f06b64
5.3.0 21-09-2014 10:55:24 MAJOR: null: Block without item: net.minecraft.block.BlockRedstoneOre@70a58086
5.3.0 21-09-2014 10:55:24 MAJOR: null: Block without item: net.minecraft.block.BlockRedstoneTorch@47d4ac49
5.3.0 21-09-2014 10:55:24 MAJOR: null: Block without item: net.minecraft.block.BlockReed@6a2fc793
5.3.0 21-09-2014 10:55:24 MAJOR: null: Block without item: net.minecraft.block.BlockCake@25184406
5.3.0 21-09-2014 10:55:24 MAJOR: null: Block without item: net.minecraft.block.BlockRedstoneRepeater@7e7454cc
5.3.0 21-09-2014 10:55:24 MAJOR: null: Block without item: net.minecraft.block.BlockRedstoneRepeater@76b5df0
5.3.0 21-09-2014 10:55:24 MAJOR: null: Block without item: net.minecraft.block.BlockStem@602110ff
5.3.0 21-09-2014 10:55:24 MAJOR: null: Block without item: net.minecraft.block.BlockStem@1ae306a7
5.3.0 21-09-2014 10:55:24 MAJOR: null: Block without item: net.minecraft.block.BlockNetherWart@528b376
5.3.0 21-09-2014 10:55:24 MAJOR: null: Block without item: net.minecraft.block.BlockBrewingStand@6d92e296
5.3.0 21-09-2014 10:55:24 MAJOR: null: Block without item: net.minecraft.block.BlockCauldron@6093a0c5
5.3.0 21-09-2014 10:55:24 MAJOR: null: Block without item: net.minecraft.block.BlockRedstoneLight@4ce77577
5.3.0 21-09-2014 10:55:24 MAJOR: null: Block without item: net.minecraft.block.BlockTripWire@4e95d868
5.3.0 21-09-2014 10:55:24 MAJOR: null: Block without item: net.minecraft.block.BlockFlowerPot@636e4063
5.3.0 21-09-2014 10:55:24 MAJOR: null: Block without item: net.minecraft.block.BlockSkull@37db1982
5.3.0 21-09-2014 10:55:24 MAJOR: null: Block without item: net.minecraft.block.BlockRedstoneComparator@7e699d19
5.3.0 21-09-2014 10:55:24 MAJOR: null: Block without item: net.minecraft.block.BlockRedstoneComparator@47c91525
